<?xml version="1.0" encoding="UTF-8"?>
<testsuite name="DasherTest" tests="1" skipped="0" failures="0" errors="0" timestamp="2018-03-17T11:56:26" hostname="ubuntu" time="0.003">
  <properties/>
  <testcase name="testDasherHasAGreeting" classname="DasherTest" time="0.003"/>
  <system-out><![CDATA[]]></system-out>
  <system-err><![CDATA[]]></system-err>
</testsuite>
